Flow report for AX4010_Replica1
Sun Feb 22 18:32:28 2026
Quartus Prime Version 24.1std.0 Build 1077 03/04/2025 SC Lite Edition


---------------------
; Table of Contents ;
---------------------
  1. Legal Notice
  2. Flow Summary
  3. Flow Settings
  4. Flow Non-Default Global Settings
  5. Flow Elapsed Time
  6. Flow OS Summary
  7. Flow Log
  8. Flow Messages
  9. Flow Suppressed Messages



----------------
; Legal Notice ;
----------------
Copyright (C) 2025  Altera Corporation. All rights reserved.
Your use of Altera Corporation's design tools, logic functions 
and other software and tools, and any partner logic 
functions, and any output files from any of the foregoing 
(including device programming or simulation files), and any 
associated documentation or information are expressly subject 
to the terms and conditions of the Altera Program License 
Subscription Agreement, the Altera Quartus Prime License Agreement,
the Altera IP License Agreement, or other applicable license
agreement, including, without limitation, that your use is for
the sole purpose of programming logic devices manufactured by
Altera and sold by Altera or its authorized distributors.  Please
refer to the Altera Software License Subscription Agreements 
on the Quartus Prime software download page.



+--------------------------------------------------------------------------------------+
; Flow Summary                                                                         ;
+------------------------------------+-------------------------------------------------+
; Flow Status                        ; Successful - Sun Feb 22 18:32:25 2026           ;
; Quartus Prime Version              ; 24.1std.0 Build 1077 03/04/2025 SC Lite Edition ;
; Revision Name                      ; AX4010_Replica1                                 ;
; Top-level Entity Name              ; AX4010_Replica1                                 ;
; Family                             ; Cyclone IV E                                    ;
; Device                             ; EP4CE10F17C8                                    ;
; Timing Models                      ; Final                                           ;
; Total logic elements               ; 1,061 / 10,320 ( 10 % )                         ;
;     Total combinational functions  ; 989 / 10,320 ( 10 % )                           ;
;     Dedicated logic registers      ; 396 / 10,320 ( 4 % )                            ;
; Total registers                    ; 396                                             ;
; Total pins                         ; 96 / 180 ( 53 % )                               ;
; Total virtual pins                 ; 0                                               ;
; Total memory bits                  ; 264,192 / 423,936 ( 62 % )                      ;
; Embedded Multiplier 9-bit elements ; 0 / 46 ( 0 % )                                  ;
; Total PLLs                         ; 1 / 2 ( 50 % )                                  ;
+------------------------------------+-------------------------------------------------+


+-----------------------------------------+
; Flow Settings                           ;
+-------------------+---------------------+
; Option            ; Setting             ;
+-------------------+---------------------+
; Start date & time ; 02/22/2026 18:32:07 ;
; Main task         ; Compilation         ;
; Revision Name     ; AX4010_Replica1     ;
+-------------------+---------------------+


+-------------------------------------------------------------------------------------------------------------------------+
; Flow Non-Default Global Settings                                                                                        ;
+-------------------------------------+----------------------------------------+---------------+-------------+------------+
; Assignment Name                     ; Value                                  ; Default Value ; Entity Name ; Section Id ;
+-------------------------------------+----------------------------------------+---------------+-------------+------------+
; COMPILER_SIGNATURE_ID               ; 10995770589198.177178152614908         ; --            ; --          ; --         ;
; MAX_CORE_JUNCTION_TEMP              ; 85                                     ; --            ; --          ; --         ;
; MIN_CORE_JUNCTION_TEMP              ; 0                                      ; --            ; --          ; --         ;
; MISC_FILE                           ; ram_8k.bsf                             ; --            ; --          ; --         ;
; MISC_FILE                           ; ram_8k_inst.vhd                        ; --            ; --          ; --         ;
; MISC_FILE                           ; ram_8k.inc                             ; --            ; --          ; --         ;
; MISC_FILE                           ; ram_8k.cmp                             ; --            ; --          ; --         ;
; MISC_FILE                           ; ram_8k_syn.v                           ; --            ; --          ; --         ;
; MISC_FILE                           ; main_clock.bsf                         ; --            ; --          ; --         ;
; MISC_FILE                           ; main_clock_inst.vhd                    ; --            ; --          ; --         ;
; MISC_FILE                           ; main_clock.inc                         ; --            ; --          ; --         ;
; MISC_FILE                           ; main_clock.cmp                         ; --            ; --          ; --         ;
; MISC_FILE                           ; main_clock.ppf                         ; --            ; --          ; --         ;
; OUTPUT_IO_TIMING_FAR_END_VMEAS      ; Half Signal Swing                      ; --            ; --          ; --         ;
; OUTPUT_IO_TIMING_FAR_END_VMEAS      ; Half Signal Swing                      ; --            ; --          ; --         ;
; OUTPUT_IO_TIMING_NEAR_END_VMEAS     ; Half Vccio                             ; --            ; --          ; --         ;
; OUTPUT_IO_TIMING_NEAR_END_VMEAS     ; Half Vccio                             ; --            ; --          ; --         ;
; PARTITION_COLOR                     ; -- (Not supported for targeted family) ; --            ; --          ; Top        ;
; PARTITION_FITTER_PRESERVATION_LEVEL ; -- (Not supported for targeted family) ; --            ; --          ; Top        ;
; PARTITION_NETLIST_TYPE              ; -- (Not supported for targeted family) ; --            ; --          ; Top        ;
; POWER_BOARD_THERMAL_MODEL           ; None (CONSERVATIVE)                    ; --            ; --          ; --         ;
; POWER_PRESET_COOLING_SOLUTION       ; 23 MM HEAT SINK WITH 200 LFPM AIRFLOW  ; --            ; --          ; --         ;
+-------------------------------------+----------------------------------------+---------------+-------------+------------+


+--------------------------------------------------------------------------------------------------------------------------+
; Flow Elapsed Time                                                                                                        ;
+----------------------+--------------+-------------------------+---------------------+------------------------------------+
; Module Name          ; Elapsed Time ; Average Processors Used ; Peak Virtual Memory ; Total CPU Time (on all processors) ;
+----------------------+--------------+-------------------------+---------------------+------------------------------------+
; Analysis & Synthesis ; 00:00:10     ; 1.0                     ; 5007 MB             ; 00:00:13                           ;
; Fitter               ; 00:00:04     ; 1.2                     ; 6535 MB             ; 00:00:07                           ;
; Assembler            ; 00:00:01     ; 1.0                     ; 4744 MB             ; 00:00:01                           ;
; Timing Analyzer      ; 00:00:02     ; 1.2                     ; 4970 MB             ; 00:00:02                           ;
; Total                ; 00:00:17     ; --                      ; --                  ; 00:00:23                           ;
+----------------------+--------------+-------------------------+---------------------+------------------------------------+


+------------------------------------------------------------------------------------+
; Flow OS Summary                                                                    ;
+----------------------+------------------+------------+------------+----------------+
; Module Name          ; Machine Hostname ; OS Name    ; OS Version ; Processor type ;
+----------------------+------------------+------------+------------+----------------+
; Analysis & Synthesis ; DESKTOP-OT21BPO  ; Windows 10 ; 10.0       ; x86_64         ;
; Fitter               ; DESKTOP-OT21BPO  ; Windows 10 ; 10.0       ; x86_64         ;
; Assembler            ; DESKTOP-OT21BPO  ; Windows 10 ; 10.0       ; x86_64         ;
; Timing Analyzer      ; DESKTOP-OT21BPO  ; Windows 10 ; 10.0       ; x86_64         ;
+----------------------+------------------+------------+------------+----------------+


------------
; Flow Log ;
------------
quartus_map --read_settings_files=on --write_settings_files=off AX4010_Replica1 -c AX4010_Replica1
quartus_fit --read_settings_files=off --write_settings_files=off AX4010_Replica1 -c AX4010_Replica1
quartus_asm --read_settings_files=off --write_settings_files=off AX4010_Replica1 -c AX4010_Replica1
quartus_sta AX4010_Replica1 -c AX4010_Replica1



