Flow report for DE1_Replica1
Sun Feb 22 16:00:56 2026
Quartus II 64-Bit Version 13.0.1 Build 232 06/12/2013 Service Pack 1 SJ Web Edition


---------------------
; Table of Contents ;
---------------------
  1. Legal Notice
  2. Flow Summary
  3. Flow Settings
  4. Flow Non-Default Global Settings
  5. Flow Elapsed Time
  6. Flow OS Summary
  7. Flow Log
  8. Flow Messages
  9. Flow Suppressed Messages



----------------
; Legal Notice ;
----------------
Copyright (C) 1991-2013 Altera Corporation
Your use of Altera Corporation's design tools, logic functions 
and other software and tools, and its AMPP partner logic 
functions, and any output files from any of the foregoing 
(including device programming or simulation files), and any 
associated documentation or information are expressly subject 
to the terms and conditions of the Altera Program License 
Subscription Agreement, Altera MegaCore Function License 
Agreement, or other applicable license agreement, including, 
without limitation, that your use is for the sole purpose of 
programming logic devices manufactured by Altera and sold by 
Altera or its authorized distributors.  Please refer to the 
applicable agreement for further details.



+--------------------------------------------------------------------------------------+
; Flow Summary                                                                         ;
+------------------------------------+-------------------------------------------------+
; Flow Status                        ; Successful - Sun Feb 22 16:00:54 2026           ;
; Quartus II 64-Bit Version          ; 13.0.1 Build 232 06/12/2013 SP 1 SJ Web Edition ;
; Revision Name                      ; DE1_Replica1                                    ;
; Top-level Entity Name              ; DE1_Replica1                                    ;
; Family                             ; Cyclone II                                      ;
; Device                             ; EP2C20F484C7                                    ;
; Timing Models                      ; Final                                           ;
; Total logic elements               ; 1,613 / 18,752 ( 9 % )                          ;
;     Total combinational functions  ; 1,525 / 18,752 ( 8 % )                          ;
;     Dedicated logic registers      ; 408 / 18,752 ( 2 % )                            ;
; Total registers                    ; 408                                             ;
; Total pins                         ; 235 / 315 ( 75 % )                              ;
; Total virtual pins                 ; 0                                               ;
; Total memory bits                  ; 2,048 / 239,616 ( < 1 % )                       ;
; Embedded Multiplier 9-bit elements ; 0 / 52 ( 0 % )                                  ;
; Total PLLs                         ; 1 / 4 ( 25 % )                                  ;
+------------------------------------+-------------------------------------------------+


+-----------------------------------------+
; Flow Settings                           ;
+-------------------+---------------------+
; Option            ; Setting             ;
+-------------------+---------------------+
; Start date & time ; 02/22/2026 16:00:37 ;
; Main task         ; Compilation         ;
; Revision Name     ; DE1_Replica1        ;
+-------------------+---------------------+


+---------------------------------------------------------------------------------------------------------------------------------------------------------+
; Flow Non-Default Global Settings                                                                                                                        ;
+---------------------------------------------------+-----------------------------------------------------+--------------------+-------------+------------+
; Assignment Name                                   ; Value                                               ; Default Value      ; Entity Name ; Section Id ;
+---------------------------------------------------+-----------------------------------------------------+--------------------+-------------+------------+
; ALLOW_ANY_RAM_SIZE_FOR_RECOGNITION                ; On                                                  ; Off                ; --          ; --         ;
; COMPILER_SIGNATURE_ID                             ; 171983378672798.177177243606252                     ; --                 ; --          ; --         ;
; FITTER_EFFORT                                     ; Standard Fit                                        ; Auto Fit           ; --          ; --         ;
; IGNORE_PARTITIONS                                 ; On                                                  ; Off                ; --          ; --         ;
; IP_TOOL_NAME                                      ; ALTPLL                                              ; --                 ; --          ; --         ;
; IP_TOOL_VERSION                                   ; 13.0                                                ; --                 ; --          ; --         ;
; MAX_CORE_JUNCTION_TEMP                            ; 85                                                  ; --                 ; --          ; --         ;
; MIN_CORE_JUNCTION_TEMP                            ; 0                                                   ; --                 ; --          ; --         ;
; MISC_FILE                                         ; main_clock.bsf                                      ; --                 ; --          ; --         ;
; MISC_FILE                                         ; main_clock_inst.vhd                                 ; --                 ; --          ; --         ;
; MISC_FILE                                         ; main_clock.inc                                      ; --                 ; --          ; --         ;
; MISC_FILE                                         ; main_clock.cmp                                      ; --                 ; --          ; --         ;
; MISC_FILE                                         ; main_clock.ppf                                      ; --                 ; --          ; --         ;
; OPTIMIZE_POWER_DURING_SYNTHESIS                   ; Extra effort                                        ; Normal compilation ; --          ; --         ;
; PARTITION_COLOR                                   ; 16764057                                            ; --                 ; --          ; Top        ;
; PARTITION_FITTER_PRESERVATION_LEVEL               ; PLACEMENT_AND_ROUTING                               ; --                 ; --          ; Top        ;
; PARTITION_NETLIST_TYPE                            ; SOURCE                                              ; --                 ; --          ; Top        ;
; PHYSICAL_SYNTHESIS_ASYNCHRONOUS_SIGNAL_PIPELINING ; On                                                  ; Off                ; --          ; --         ;
; PHYSICAL_SYNTHESIS_COMBO_LOGIC                    ; On                                                  ; Off                ; --          ; --         ;
; PHYSICAL_SYNTHESIS_COMBO_LOGIC_FOR_AREA           ; On                                                  ; Off                ; --          ; --         ;
; PHYSICAL_SYNTHESIS_EFFORT                         ; Extra                                               ; Normal             ; --          ; --         ;
; PHYSICAL_SYNTHESIS_MAP_LOGIC_TO_MEMORY_FOR_AREA   ; On                                                  ; Off                ; --          ; --         ;
; PHYSICAL_SYNTHESIS_REGISTER_DUPLICATION           ; On                                                  ; Off                ; --          ; --         ;
; PHYSICAL_SYNTHESIS_REGISTER_RETIMING              ; On                                                  ; Off                ; --          ; --         ;
; POWER_BOARD_THERMAL_MODEL                         ; None (CONSERVATIVE)                                 ; --                 ; --          ; --         ;
; POWER_PRESET_COOLING_SOLUTION                     ; 23 MM HEAT SINK WITH 200 LFPM AIRFLOW               ; --                 ; --          ; --         ;
; USER_LIBRARIES                                    ; C:/altera/megacore/line_buffer_compiler-v1.0.0/lib; ; --                 ; --          ; --         ;
+---------------------------------------------------+-----------------------------------------------------+--------------------+-------------+------------+


+-------------------------------------------------------------------------------------------------------------------------------+
; Flow Elapsed Time                                                                                                             ;
+---------------------------+--------------+-------------------------+---------------------+------------------------------------+
; Module Name               ; Elapsed Time ; Average Processors Used ; Peak Virtual Memory ; Total CPU Time (on all processors) ;
+---------------------------+--------------+-------------------------+---------------------+------------------------------------+
; Analysis & Synthesis      ; 00:00:06     ; 1.0                     ; 4701 MB             ; 00:00:04                           ;
; Fitter                    ; 00:00:06     ; 1.6                     ; 5810 MB             ; 00:00:09                           ;
; Assembler                 ; 00:00:01     ; 1.0                     ; 4583 MB             ; 00:00:01                           ;
; TimeQuest Timing Analyzer ; 00:00:01     ; 1.0                     ; 4654 MB             ; 00:00:01                           ;
; Total                     ; 00:00:14     ; --                      ; --                  ; 00:00:15                           ;
+---------------------------+--------------+-------------------------+---------------------+------------------------------------+


+----------------------------------------------------------------------------------------+
; Flow OS Summary                                                                        ;
+---------------------------+------------------+-----------+------------+----------------+
; Module Name               ; Machine Hostname ; OS Name   ; OS Version ; Processor type ;
+---------------------------+------------------+-----------+------------+----------------+
; Analysis & Synthesis      ; DESKTOP-OT21BPO  ; Windows 7 ; 6.2        ; x86_64         ;
; Fitter                    ; DESKTOP-OT21BPO  ; Windows 7 ; 6.2        ; x86_64         ;
; Assembler                 ; DESKTOP-OT21BPO  ; Windows 7 ; 6.2        ; x86_64         ;
; TimeQuest Timing Analyzer ; DESKTOP-OT21BPO  ; Windows 7 ; 6.2        ; x86_64         ;
+---------------------------+------------------+-----------+------------+----------------+


------------
; Flow Log ;
------------
quartus_map --read_settings_files=on --write_settings_files=off DE1_Replica1 -c DE1_Replica1
quartus_fit --read_settings_files=off --write_settings_files=off DE1_Replica1 -c DE1_Replica1
quartus_asm --read_settings_files=off --write_settings_files=off DE1_Replica1 -c DE1_Replica1
quartus_sta DE1_Replica1 -c DE1_Replica1



