Power Analyzer report for MAX1000_Replica1
Sun Feb 22 13:52:55 2026
Quartus Prime Version 24.1std.0 Build 1077 03/04/2025 SC Lite Edition


---------------------
; Table of Contents ;
---------------------
  1. Legal Notice
  2. Parallel Compilation
  3. Power Analyzer Summary
  4. Power Analyzer Settings
  5. Indeterminate Toggle Rates
  6. Operating Conditions Used
  7. Thermal Power Dissipation by Block
  8. Thermal Power Dissipation by Block Type
  9. Thermal Power Dissipation by Hierarchy
 10. Core Dynamic Thermal Power Dissipation by Clock Domain
 11. Current Drawn from Voltage Supplies Summary
 12. VCCIO Supply Current Drawn by I/O Bank
 13. VCCIO Supply Current Drawn by Voltage
 14. Confidence Metric Details
 15. Signal Activities
 16. Power Analyzer Messages



----------------
; Legal Notice ;
----------------
Copyright (C) 2025  Altera Corporation. All rights reserved.
Your use of Altera Corporation's design tools, logic functions 
and other software and tools, and any partner logic 
functions, and any output files from any of the foregoing 
(including device programming or simulation files), and any 
associated documentation or information are expressly subject 
to the terms and conditions of the Altera Program License 
Subscription Agreement, the Altera Quartus Prime License Agreement,
the Altera IP License Agreement, or other applicable license
agreement, including, without limitation, that your use is for
the sole purpose of programming logic devices manufactured by
Altera and sold by Altera or its authorized distributors.  Please
refer to the Altera Software License Subscription Agreements 
on the Quartus Prime software download page.



+------------------------------------------+
; Parallel Compilation                     ;
+----------------------------+-------------+
; Processors                 ; Number      ;
+----------------------------+-------------+
; Number detected on machine ; 32          ;
; Maximum allowed            ; 16          ;
;                            ;             ;
; Average used               ; 1.33        ;
; Maximum used               ; 16          ;
;                            ;             ;
; Usage by Processor         ; % Time Used ;
;     Processor 1            ; 100.0%      ;
;     Processors 2-16        ;   2.2%      ;
+----------------------------+-------------+


+-------------------------------------------------------------------------------------------+
; Power Analyzer Summary                                                                    ;
+----------------------------------------+--------------------------------------------------+
; Power Analyzer Status                  ; Successful - Sun Feb 22 13:52:55 2026            ;
; Quartus Prime Version                  ; 24.1std.0 Build 1077 03/04/2025 SC Lite Edition  ;
; Revision Name                          ; MAX1000_Replica1                                 ;
; Top-level Entity Name                  ; MAX1000_Replica1                                 ;
; Family                                 ; MAX 10                                           ;
; Device                                 ; 10M08SAU169C8G                                   ;
; Power Models                           ; Final                                            ;
; Total Thermal Power Dissipation        ; 159.56 mW                                        ;
; Core Dynamic Thermal Power Dissipation ; 0.00 mW                                          ;
; Core Static Thermal Power Dissipation  ; 121.11 mW                                        ;
; I/O Thermal Power Dissipation          ; 38.45 mW                                         ;
; Power Estimation Confidence            ; Low: user provided insufficient toggle rate data ;
+----------------------------------------+--------------------------------------------------+


+--------------------------------------------------------------------------------------------------------------------------+
; Power Analyzer Settings                                                                                                  ;
+------------------------------------------------------------------+---------------------------------------+---------------+
; Option                                                           ; Setting                               ; Default Value ;
+------------------------------------------------------------------+---------------------------------------+---------------+
; Maximum processors allowed for parallel compilation              ; 24                                    ;               ;
; Use smart compilation                                            ; Off                                   ; Off           ;
; Enable parallel Assembler and Timing Analyzer during compilation ; On                                    ; On            ;
; Enable compact report table                                      ; Off                                   ; Off           ;
; Default Power Input I/O Toggle Rate                              ; 12.5%                                 ; 12.5%         ;
; Preset Cooling Solution                                          ; 23 MM HEAT SINK WITH 200 LFPM AIRFLOW ;               ;
; Board thermal model                                              ; None (CONSERVATIVE)                   ;               ;
; Default Power Toggle Rate                                        ; 12.5%                                 ; 12.5%         ;
; Use vectorless estimation                                        ; On                                    ; On            ;
; Use Input Files                                                  ; Off                                   ; Off           ;
; Filter Glitches in VCD File Reader                               ; On                                    ; On            ;
; Power Analyzer Report Signal Activity                            ; Off                                   ; Off           ;
; Power Analyzer Report Power Dissipation                          ; Off                                   ; Off           ;
; Device Power Characteristics                                     ; TYPICAL                               ; TYPICAL       ;
; Automatically Compute Junction Temperature                       ; On                                    ; On            ;
; Specified Junction Temperature                                   ; 25                                    ; 25            ;
; Ambient Temperature                                              ; 25                                    ; 25            ;
; Use Custom Cooling Solution                                      ; Off                                   ; Off           ;
; Board Temperature                                                ; 25                                    ; 25            ;
+------------------------------------------------------------------+---------------------------------------+---------------+


+---------------------------------------------------------------------------------------------------------------------------------+
; Indeterminate Toggle Rates                                                                                                      ;
+---------------------------------------------------------------------------------------------------+-----------------------------+
; Node                                                                                              ; Reason                      ;
+---------------------------------------------------------------------------------------------------+-----------------------------+
; main_clock:mclk|altpll:altpll_component|main_clock_altpll:auto_generated|wire_pll1_clk[0]         ; No valid clock domain found ;
; main_clock:mclk|altpll:altpll_component|main_clock_altpll:auto_generated|wire_pll1_clk[1]         ; No valid clock domain found ;
; main_clock:mclk|altpll:altpll_component|main_clock_altpll:auto_generated|wire_pll1_clk[2]         ; No valid clock domain found ;
; USER_BTN                                                                                          ; No valid clock domain found ;
; SEN_INT1                                                                                          ; No valid clock domain found ;
; SEN_INT2                                                                                          ; No valid clock domain found ;
; SEN_SDO                                                                                           ; No valid clock domain found ;
; F_DO                                                                                              ; No valid clock domain found ;
; AIN[0]                                                                                            ; No valid clock domain found ;
; AIN[1]                                                                                            ; No valid clock domain found ;
; AIN[2]                                                                                            ; No valid clock domain found ;
; AIN[3]                                                                                            ; No valid clock domain found ;
; AIN[4]                                                                                            ; No valid clock domain found ;
; AIN[5]                                                                                            ; No valid clock domain found ;
; AIN[6]                                                                                            ; No valid clock domain found ;
; PIO[0]                                                                                            ; No valid clock domain found ;
; PIO[1]                                                                                            ; No valid clock domain found ;
; PIO[2]                                                                                            ; No valid clock domain found ;
; PIO[3]                                                                                            ; No valid clock domain found ;
; PIO[4]                                                                                            ; No valid clock domain found ;
; PIO[5]                                                                                            ; No valid clock domain found ;
; PIO[6]                                                                                            ; No valid clock domain found ;
; PIO[7]                                                                                            ; No valid clock domain found ;
; BDBUS[2]                                                                                          ; No valid clock domain found ;
; BDBUS[3]                                                                                          ; No valid clock domain found ;
; BDBUS[4]                                                                                          ; No valid clock domain found ;
; BDBUS[5]                                                                                          ; No valid clock domain found ;
; D[0]                                                                                              ; No valid clock domain found ;
; D[1]                                                                                              ; No valid clock domain found ;
; D[2]                                                                                              ; No valid clock domain found ;
; D[3]                                                                                              ; No valid clock domain found ;
; D[4]                                                                                              ; No valid clock domain found ;
; D[5]                                                                                              ; No valid clock domain found ;
; D[6]                                                                                              ; No valid clock domain found ;
; D[7]                                                                                              ; No valid clock domain found ;
; D[8]                                                                                              ; No valid clock domain found ;
; D[9]                                                                                              ; No valid clock domain found ;
; D[10]                                                                                             ; No valid clock domain found ;
; D[11]                                                                                             ; No valid clock domain found ;
; D[12]                                                                                             ; No valid clock domain found ;
; D[13]                                                                                             ; No valid clock domain found ;
; D[14]                                                                                             ; No valid clock domain found ;
; BDBUS[0]                                                                                          ; No valid clock domain found ;
; BDBUS[1]                                                                                          ; No valid clock domain found ;
; DQ[0]                                                                                             ; No valid clock domain found ;
; DQ[1]                                                                                             ; No valid clock domain found ;
; DQ[2]                                                                                             ; No valid clock domain found ;
; DQ[3]                                                                                             ; No valid clock domain found ;
; DQ[4]                                                                                             ; No valid clock domain found ;
; DQ[5]                                                                                             ; No valid clock domain found ;
; DQ[6]                                                                                             ; No valid clock domain found ;
; DQ[7]                                                                                             ; No valid clock domain found ;
; DQ[8]                                                                                             ; No valid clock domain found ;
; DQ[9]                                                                                             ; No valid clock domain found ;
; DQ[10]                                                                                            ; No valid clock domain found ;
; DQ[11]                                                                                            ; No valid clock domain found ;
; DQ[12]                                                                                            ; No valid clock domain found ;
; DQ[13]                                                                                            ; No valid clock domain found ;
; DQ[14]                                                                                            ; No valid clock domain found ;
; DQ[15]                                                                                            ; No valid clock domain found ;
; RESET                                                                                             ; No valid clock domain found ;
; CLK12M                                                                                            ; No valid clock domain found ;
; main_clock:mclk|altpll:altpll_component|main_clock_altpll:auto_generated|wire_pll1_clk[1]~clkctrl ; No valid clock domain found ;
; Replica1_CORE:ap1|CPU_MX65:\gen_cpu0:c2:cpu|cpu_clock_gen:clk|count[0]~clkctrl                    ; No valid clock domain found ;
; main_clock:mclk|altpll:altpll_component|main_clock_altpll:auto_generated|wire_pll1_clk[2]~clkctrl ; No valid clock domain found ;
; main_clock:mclk|altpll:altpll_component|main_clock_altpll:auto_generated|wire_pll1_clk[0]~clkctrl ; No valid clock domain found ;
; Replica1_CORE:ap1|CPU_MX65:\gen_cpu0:c2:cpu|cpu_clock_gen:clk|count[1]~clkctrl                    ; No valid clock domain found ;
; cpu_reset_n~0clkctrl                                                                              ; No valid clock domain found ;
; sdram_controller:sdram_inst|Mux2~3clkctrl                                                         ; No valid clock domain found ;
+---------------------------------------------------------------------------------------------------+-----------------------------+


+--------------------------------------------------------------------------+
; Operating Conditions Used                                                ;
+---------------------------------------------+----------------------------+
; Setting                                     ; Value                      ;
+---------------------------------------------+----------------------------+
; Device power characteristics                ; Typical                    ;
;                                             ;                            ;
; Voltages                                    ;                            ;
;     VCCA                                    ; 3.00 V                     ;
;     VCC_ONE                                 ; 3.00 V                     ;
;     3.3-V LVTTL I/O Standard                ; 3.3 V                      ;
;     2.5 V I/O Standard                      ; 2.5 V                      ;
;     3.3 V Schmitt Trigger I/O Standard      ; 3.3 V                      ;
;     2.5 V Schmitt Trigger I/O Standard      ; 2.5 V                      ;
;                                             ;                            ;
; Auto computed junction temperature          ; 28.1 degrees Celsius       ;
;     Ambient temperature                     ; 25.0 degrees Celsius       ;
;     Junction-to-Case thermal resistance     ; 11.20 degrees Celsius/Watt ;
;     Case-to-Heat Sink thermal resistance    ; 0.10 degrees Celsius/Watt  ;
;     Heat Sink-to-Ambient thermal resistance ; 8.20 degrees Celsius/Watt  ;
;                                             ;                            ;
; Board model used                            ; None                       ;
+---------------------------------------------+----------------------------+


+----------------------------------------------------------------------------------------------------------------------------------------------+
; Thermal Power Dissipation by Block                                                                                                           ;
+------------+------------+---------------------+-----------------------------+--------------------------------+-------------------------------+
; Block Name ; Block Type ; Total Thermal Power ; Block Thermal Dynamic Power ; Block Thermal Static Power (1) ; Routing Thermal Dynamic Power ;
+------------+------------+---------------------+-----------------------------+--------------------------------+-------------------------------+
(1) The "Thermal Power Dissipation by Block" Table has been hidden. To show this table, please select the "Write power dissipation by block to report file" option under "PowerPlay Power Analyzer Settings".


+--------------------------------------------------------------------------------------------------------------------------------------------------------------------------------------------------------------------+
; Thermal Power Dissipation by Block Type                                                                                                                                                                            ;
+---------------------+-----------------------------------+-----------------------------+--------------------------------+-------------------------------+-----------------------------------------------------------+
; Block Type          ; Total Thermal Power by Block Type ; Block Thermal Dynamic Power ; Block Thermal Static Power (1) ; Routing Thermal Dynamic Power ; Block Average Toggle Rate (millions of transitions / sec) ;
+---------------------+-----------------------------------+-----------------------------+--------------------------------+-------------------------------+-----------------------------------------------------------+
; M9K                 ; 0.00 mW                           ; 0.00 mW                     ; --                             ; 0.00 mW                       ;    0.000                                                  ;
; Combinational cell  ; 0.00 mW                           ; 0.00 mW                     ; --                             ; 0.00 mW                       ;    0.000                                                  ;
; Clock control block ; 0.00 mW                           ; 0.00 mW                     ; --                             ; 0.00 mW                       ;    0.000                                                  ;
; Register cell       ; 0.00 mW                           ; 0.00 mW                     ; --                             ; 0.00 mW                       ;    0.000                                                  ;
; I/O                 ; 6.15 mW                           ; 0.00 mW                     ; 6.15 mW                        ; 0.00 mW                       ;    0.000                                                  ;
; Voltage Regulator   ; 0.76 mW                           ; 0.00 mW                     ; 0.76 mW                        ; --                            ; --                                                        ;
+---------------------+-----------------------------------+-----------------------------+--------------------------------+-------------------------------+-----------------------------------------------------------+
(1) The "Block Thermal Static Power" for all block types except Pins and the Voltage Regulator, if one exists, is part of the "Core Static Thermal Power Dissipation" value found on the PowerPlay Power Analyzer-->Summary report panel. The "Core Static Thermal Power Dissipation" also contains the thermal static power dissipated by the routing.


+-------------------------------------------------------------------------------------------------------------------------------------------------------------------------------------------------------------------------------------------------------------------------------------------------------------------------------------------------+
; Thermal Power Dissipation by Hierarchy                                                                                                                                                                                                                                                                                                          ;
+-------------------------------------------------+--------------------------------------+---------------------------------+-----------------------------------+-----------------------------------+----------------------------------------------------------------------------------------------------------------------------------------------+
; Compilation Hierarchy Node                      ; Total Thermal Power by Hierarchy (1) ; Block Thermal Dynamic Power (1) ; Block Thermal Static Power (1)(2) ; Routing Thermal Dynamic Power (1) ; Full Hierarchy Name                                                                                                                          ;
+-------------------------------------------------+--------------------------------------+---------------------------------+-----------------------------------+-----------------------------------+----------------------------------------------------------------------------------------------------------------------------------------------+
; |MAX1000_Replica1                               ; 6.91 mW (6.91 mW)                    ; 0.00 mW (0.00 mW)               ; 6.91 mW (6.91 mW)                 ; 0.00 mW (0.00 mW)                 ; |MAX1000_Replica1                                                                                                                            ;
;     |EBR_RAM:\gen_ebr_ram:ram                   ; 0.00 mW (0.00 mW)                    ; 0.00 mW (0.00 mW)               ; --                                ; 0.00 mW (0.00 mW)                 ; |MAX1000_Replica1|EBR_RAM:\gen_ebr_ram:ram                                                                                                   ;
;         |ram_8k:\gen_ram_blocks:0:ram_block     ; 0.00 mW (0.00 mW)                    ; 0.00 mW (0.00 mW)               ; --                                ; 0.00 mW (0.00 mW)                 ; |MAX1000_Replica1|EBR_RAM:\gen_ebr_ram:ram|ram_8k:\gen_ram_blocks:0:ram_block                                                                ;
;             |altsyncram:altsyncram_component    ; 0.00 mW (0.00 mW)                    ; 0.00 mW (0.00 mW)               ; --                                ; 0.00 mW (0.00 mW)                 ; |MAX1000_Replica1|EBR_RAM:\gen_ebr_ram:ram|ram_8k:\gen_ram_blocks:0:ram_block|altsyncram:altsyncram_component                                ;
;                 |altsyncram_pcp3:auto_generated ; 0.00 mW (0.00 mW)                    ; 0.00 mW (0.00 mW)               ; --                                ; 0.00 mW (0.00 mW)                 ; |MAX1000_Replica1|EBR_RAM:\gen_ebr_ram:ram|ram_8k:\gen_ram_blocks:0:ram_block|altsyncram:altsyncram_component|altsyncram_pcp3:auto_generated ;
;         |ram_8k:\gen_ram_blocks:1:ram_block     ; 0.00 mW (0.00 mW)                    ; 0.00 mW (0.00 mW)               ; --                                ; 0.00 mW (0.00 mW)                 ; |MAX1000_Replica1|EBR_RAM:\gen_ebr_ram:ram|ram_8k:\gen_ram_blocks:1:ram_block                                                                ;
;             |altsyncram:altsyncram_component    ; 0.00 mW (0.00 mW)                    ; 0.00 mW (0.00 mW)               ; --                                ; 0.00 mW (0.00 mW)                 ; |MAX1000_Replica1|EBR_RAM:\gen_ebr_ram:ram|ram_8k:\gen_ram_blocks:1:ram_block|altsyncram:altsyncram_component                                ;
;                 |altsyncram_pcp3:auto_generated ; 0.00 mW (0.00 mW)                    ; 0.00 mW (0.00 mW)               ; --                                ; 0.00 mW (0.00 mW)                 ; |MAX1000_Replica1|EBR_RAM:\gen_ebr_ram:ram|ram_8k:\gen_ram_blocks:1:ram_block|altsyncram:altsyncram_component|altsyncram_pcp3:auto_generated ;
;         |ram_8k:\gen_ram_blocks:2:ram_block     ; 0.00 mW (0.00 mW)                    ; 0.00 mW (0.00 mW)               ; --                                ; 0.00 mW (0.00 mW)                 ; |MAX1000_Replica1|EBR_RAM:\gen_ebr_ram:ram|ram_8k:\gen_ram_blocks:2:ram_block                                                                ;
;             |altsyncram:altsyncram_component    ; 0.00 mW (0.00 mW)                    ; 0.00 mW (0.00 mW)               ; --                                ; 0.00 mW (0.00 mW)                 ; |MAX1000_Replica1|EBR_RAM:\gen_ebr_ram:ram|ram_8k:\gen_ram_blocks:2:ram_block|altsyncram:altsyncram_component                                ;
;                 |altsyncram_pcp3:auto_generated ; 0.00 mW (0.00 mW)                    ; 0.00 mW (0.00 mW)               ; --                                ; 0.00 mW (0.00 mW)                 ; |MAX1000_Replica1|EBR_RAM:\gen_ebr_ram:ram|ram_8k:\gen_ram_blocks:2:ram_block|altsyncram:altsyncram_component|altsyncram_pcp3:auto_generated ;
;         |ram_8k:\gen_ram_blocks:3:ram_block     ; 0.00 mW (0.00 mW)                    ; 0.00 mW (0.00 mW)               ; --                                ; 0.00 mW (0.00 mW)                 ; |MAX1000_Replica1|EBR_RAM:\gen_ebr_ram:ram|ram_8k:\gen_ram_blocks:3:ram_block                                                                ;
;             |altsyncram:altsyncram_component    ; 0.00 mW (0.00 mW)                    ; 0.00 mW (0.00 mW)               ; --                                ; 0.00 mW (0.00 mW)                 ; |MAX1000_Replica1|EBR_RAM:\gen_ebr_ram:ram|ram_8k:\gen_ram_blocks:3:ram_block|altsyncram:altsyncram_component                                ;
;                 |altsyncram_pcp3:auto_generated ; 0.00 mW (0.00 mW)                    ; 0.00 mW (0.00 mW)               ; --                                ; 0.00 mW (0.00 mW)                 ; |MAX1000_Replica1|EBR_RAM:\gen_ebr_ram:ram|ram_8k:\gen_ram_blocks:3:ram_block|altsyncram:altsyncram_component|altsyncram_pcp3:auto_generated ;
;     |Replica1_CORE:ap1                          ; 0.00 mW (0.00 mW)                    ; 0.00 mW (0.00 mW)               ; --                                ; 0.00 mW (0.00 mW)                 ; |MAX1000_Replica1|Replica1_CORE:ap1                                                                                                          ;
;         |CPU_MX65:\gen_cpu0:c2:cpu              ; 0.00 mW (0.00 mW)                    ; 0.00 mW (0.00 mW)               ; --                                ; 0.00 mW (0.00 mW)                 ; |MAX1000_Replica1|Replica1_CORE:ap1|CPU_MX65:\gen_cpu0:c2:cpu                                                                                ;
;             |cpu_clock_gen:clk                  ; 0.00 mW (0.00 mW)                    ; 0.00 mW (0.00 mW)               ; --                                ; 0.00 mW (0.00 mW)                 ; |MAX1000_Replica1|Replica1_CORE:ap1|CPU_MX65:\gen_cpu0:c2:cpu|cpu_clock_gen:clk                                                              ;
;             |mx65:mx65_inst                     ; 0.00 mW (0.00 mW)                    ; 0.00 mW (0.00 mW)               ; --                                ; 0.00 mW (0.00 mW)                 ; |MAX1000_Replica1|Replica1_CORE:ap1|CPU_MX65:\gen_cpu0:c2:cpu|mx65:mx65_inst                                                                 ;
;         |WOZMON65:\woz65:rom                    ; 0.00 mW (0.00 mW)                    ; 0.00 mW (0.00 mW)               ; --                                ; 0.00 mW (0.00 mW)                 ; |MAX1000_Replica1|Replica1_CORE:ap1|WOZMON65:\woz65:rom                                                                                      ;
;         |pia_uart:pia                           ; 0.00 mW (0.00 mW)                    ; 0.00 mW (0.00 mW)               ; --                                ; 0.00 mW (0.00 mW)                 ; |MAX1000_Replica1|Replica1_CORE:ap1|pia_uart:pia                                                                                             ;
;             |uart_receive:recv                  ; 0.00 mW (0.00 mW)                    ; 0.00 mW (0.00 mW)               ; --                                ; 0.00 mW (0.00 mW)                 ; |MAX1000_Replica1|Replica1_CORE:ap1|pia_uart:pia|uart_receive:recv                                                                           ;
;             |uart_send:send                     ; 0.00 mW (0.00 mW)                    ; 0.00 mW (0.00 mW)               ; --                                ; 0.00 mW (0.00 mW)                 ; |MAX1000_Replica1|Replica1_CORE:ap1|pia_uart:pia|uart_send:send                                                                              ;
;     |hard_block:auto_generated_inst             ; 0.00 mW (0.00 mW)                    ; 0.00 mW (0.00 mW)               ; --                                ; 0.00 mW (0.00 mW)                 ; |MAX1000_Replica1|hard_block:auto_generated_inst                                                                                             ;
;     |sram_sdram_bridge:bridge_inst              ; 0.00 mW (0.00 mW)                    ; 0.00 mW (0.00 mW)               ; --                                ; 0.00 mW (0.00 mW)                 ; |MAX1000_Replica1|sram_sdram_bridge:bridge_inst                                                                                              ;
;     |main_clock:mclk                            ; 0.00 mW (0.00 mW)                    ; 0.00 mW (0.00 mW)               ; --                                ; 0.00 mW (0.00 mW)                 ; |MAX1000_Replica1|main_clock:mclk                                                                                                            ;
;         |altpll:altpll_component                ; 0.00 mW (0.00 mW)                    ; 0.00 mW (0.00 mW)               ; --                                ; 0.00 mW (0.00 mW)                 ; |MAX1000_Replica1|main_clock:mclk|altpll:altpll_component                                                                                    ;
;             |main_clock_altpll:auto_generated   ; 0.00 mW (0.00 mW)                    ; 0.00 mW (0.00 mW)               ; --                                ; 0.00 mW (0.00 mW)                 ; |MAX1000_Replica1|main_clock:mclk|altpll:altpll_component|main_clock_altpll:auto_generated                                                   ;
;     |sdram_controller:sdram_inst                ; 0.00 mW (0.00 mW)                    ; 0.00 mW (0.00 mW)               ; --                                ; 0.00 mW (0.00 mW)                 ; |MAX1000_Replica1|sdram_controller:sdram_inst                                                                                                ;
+-------------------------------------------------+--------------------------------------+---------------------------------+-----------------------------------+-----------------------------------+----------------------------------------------------------------------------------------------------------------------------------------------+
(1) Value in parentheses is the power consumed at that level of hierarchy. Value not in parentheses is the power consumed at that level of hierarchy plus the power consumed by all levels of hierarchy below it.

(2) The "Block Thermal Static Power" for all levels of hierarchy except the top-level hierarchy is part of the "Core Static Thermal Power Dissipation" value found on the PowerPlay Power Analyzer-->Summary report panel. The "Core Static Thermal Power Dissipation" also contains the thermal static power dissipated by the routing.


+--------------------------------------------------------------------+
; Core Dynamic Thermal Power Dissipation by Clock Domain             ;
+-----------------+-----------------------+--------------------------+
; Clock Domain    ; Clock Frequency (MHz) ; Total Core Dynamic Power ;
+-----------------+-----------------------+--------------------------+
; No clock domain ; 0.00                  ; 0.00                     ;
+-----------------+-----------------------+--------------------------+


+------------------------------------------------------------------------------------------------------------------------------------+
; Current Drawn from Voltage Supplies Summary                                                                                        ;
+----------------+-------------------------+---------------------------+--------------------------+----------------------------------+
; Voltage Supply ; Total Current Drawn (1) ; Dynamic Current Drawn (1) ; Static Current Drawn (1) ; Minimum Power Supply Current (2) ;
+----------------+-------------------------+---------------------------+--------------------------+----------------------------------+
; VCCIO          ; 12.11 mA                ; 0.00 mA                   ; 12.11 mA                 ; 12.11 mA                         ;
; VCCA           ; 3.03 mA                 ; 0.00 mA                   ; 3.03 mA                  ; 3.03 mA                          ;
; VCC_ONE        ; 37.34 mA                ; 0.00 mA                   ; 37.34 mA                 ; 37.34 mA                         ;
+----------------+-------------------------+---------------------------+--------------------------+----------------------------------+
(1) Currents reported in columns "Total Current Drawn", "Dynamic Current Drawn", and "Static Current Drawn" are sufficient for user operation of the device.  
(2) Currents reported in column "Minimum Power Supply Current" are sufficient for power-up, configuration, and user operation of the device.


+-----------------------------------------------------------------------------------------------+
; VCCIO Supply Current Drawn by I/O Bank                                                        ;
+----------+---------------+---------------------+-----------------------+----------------------+
; I/O Bank ; VCCIO Voltage ; Total Current Drawn ; Dynamic Current Drawn ; Static Current Drawn ;
+----------+---------------+---------------------+-----------------------+----------------------+
; 1A       ; 3.3V          ; 1.71 mA             ; 0.00 mA               ; 1.71 mA              ;
; 1B       ; 2.5V          ; 0.26 mA             ; 0.00 mA               ; 0.26 mA              ;
; 2        ; 3.3V          ; 2.01 mA             ; 0.00 mA               ; 2.01 mA              ;
; 3        ; 3.3V          ; 2.08 mA             ; 0.00 mA               ; 2.08 mA              ;
; 4        ; --            ; --                  ; --                    ; --                   ;
; 5        ; 3.3V          ; 1.96 mA             ; 0.00 mA               ; 1.96 mA              ;
; 6        ; 3.3V          ; 2.03 mA             ; 0.00 mA               ; 2.03 mA              ;
; 7        ; --            ; --                  ; --                    ; --                   ;
; 8        ; 3.3V          ; 2.06 mA             ; 0.00 mA               ; 2.06 mA              ;
+----------+---------------+---------------------+-----------------------+----------------------+


+-----------------------------------------------------------------------------------------------------------------------------------+
; VCCIO Supply Current Drawn by Voltage                                                                                             ;
+---------------+-------------------------+---------------------------+--------------------------+----------------------------------+
; VCCIO Voltage ; Total Current Drawn (1) ; Dynamic Current Drawn (1) ; Static Current Drawn (1) ; Minimum Power Supply Current (2) ;
+---------------+-------------------------+---------------------------+--------------------------+----------------------------------+
; 2.5V          ; 0.26 mA                 ; 0.00 mA                   ; 0.26 mA                  ; 0.26 mA                          ;
; 3.3V          ; 11.85 mA                ; 0.00 mA                   ; 11.85 mA                 ; 11.85 mA                         ;
+---------------+-------------------------+---------------------------+--------------------------+----------------------------------+
(1) Currents reported in columns "Total Current Drawn", "Dynamic Current Drawn", and "Static Current Drawn" are sufficient for user operation of the device.  
(2) Currents reported in column "Minimum Power Supply Current" are sufficient for power-up, configuration, and user operation of the device.


+---------------------------------------------------------------------------------------------------------------------------------------------------+
; Confidence Metric Details                                                                                                                         ;
+----------------------------------------------------------------------------------------+--------------+------------+--------------+---------------+
; Data Source                                                                            ; Total        ; Pin        ; Registered   ; Combinational ;
+----------------------------------------------------------------------------------------+--------------+------------+--------------+---------------+
; Simulation (from file)                                                                 ;              ;            ;              ;               ;
;     -- Number of signals with Toggle Rate from Simulation                              ; 0 (0.0%)     ; 0 (0.0%)   ; 0 (0.0%)     ; 0 (0.0%)      ;
;     -- Number of signals with Static Probability from Simulation                       ; 0 (0.0%)     ; 0 (0.0%)   ; 0 (0.0%)     ; 0 (0.0%)      ;
;                                                                                        ;              ;            ;              ;               ;
; Node, entity or clock assignment                                                       ;              ;            ;              ;               ;
;     -- Number of signals with Toggle Rate from Node, entity or clock assignment        ; 0 (0.0%)     ; 0 (0.0%)   ; 0 (0.0%)     ; 0 (0.0%)      ;
;     -- Number of signals with Static Probability from Node, entity or clock assignment ; 7 (0.4%)     ; 0 (0.0%)   ; 0 (0.0%)     ; 7 (0.5%)      ;
;                                                                                        ;              ;            ;              ;               ;
; Vectorless estimation                                                                  ;              ;            ;              ;               ;
;     -- Number of signals with Toggle Rate from Vectorless estimation                   ; 1793 (96.4%) ; 84 (57.1%) ; 349 (100.0%) ; 1360 (99.8%)  ;
;     -- Number of signals with Zero toggle rate, from Vectorless estimation             ; 139 (7.5%)   ; 53 (36.1%) ; 4 (1.1%)     ; 82 (6.0%)     ;
;     -- Number of signals with Static Probability from Vectorless estimation            ; 1786 (96.1%) ; 84 (57.1%) ; 349 (100.0%) ; 1353 (99.3%)  ;
;                                                                                        ;              ;            ;              ;               ;
; Default assignment                                                                     ;              ;            ;              ;               ;
;     -- Number of signals with Toggle Rate from Default assignment                      ; 0 (0.0%)     ; 0 (0.0%)   ; 0 (0.0%)     ; 0 (0.0%)      ;
;     -- Number of signals with Static Probability from Default assignment               ; 66 (3.6%)    ; 63 (42.9%) ; 0 (0.0%)     ; 3 (0.2%)      ;
;                                                                                        ;              ;            ;              ;               ;
; Assumed 0                                                                              ;              ;            ;              ;               ;
;     -- Number of signals with Toggle Rate assumed 0                                    ; 66 (3.6%)    ; 63 (42.9%) ; 0 (0.0%)     ; 3 (0.2%)      ;
+----------------------------------------------------------------------------------------+--------------+------------+--------------+---------------+


+---------------------------------------------------------------------------------------------------------------------------------------------+
; Signal Activities                                                                                                                           ;
+--------+------+---------------------------------------------+-------------------------+--------------------+--------------------------------+
; Signal ; Type ; Toggle Rate (millions of transitions / sec) ; Toggle Rate Data Source ; Static Probability ; Static Probability Data Source ;
+--------+------+---------------------------------------------+-------------------------+--------------------+--------------------------------+
(1) The "Signal Activity" Table has been hidden. To show this table, please select the "Write signal activities to report file" option under "PowerPlay Power Analyzer Settings".


+-------------------------+
; Power Analyzer Messages ;
+-------------------------+
Info: *******************************************************************
Info: Running Quartus Prime Power Analyzer
    Info: Version 24.1std.0 Build 1077 03/04/2025 SC Lite Edition
    Info: Processing started: Sun Feb 22 13:52:51 2026
Info: Command: quartus_pow --read_settings_files=off --write_settings_files=off MAX1000_Replica1 -c MAX1000_Replica1
Info (21077): Low junction temperature is 0 degrees C
Info (21077): High junction temperature is 85 degrees C
Warning (335093): The Timing Analyzer is analyzing 23 combinational loops as latches. For more details, run the Check Timing command in the Timing Analyzer or view the "User-Specified and Inferred Latches" table in the Analysis & Synthesis report.
Info (332104): Reading SDC File: 'MAX1000_Replica1.sdc'
Warning (332174): Ignored filter at MAX1000_Replica1.sdc(4): MAX10_CLK1_50 could not be matched with a port File: //wsl.localhost/Debian/home/didier/Developments/altera/Projects/replica1-sdram/board/MAX1000-10M08/MAX1000_Replica1.sdc Line: 4
Warning (332049): Ignored create_clock at MAX1000_Replica1.sdc(4): Argument <targets> is an empty collection File: //wsl.localhost/Debian/home/didier/Developments/altera/Projects/replica1-sdram/board/MAX1000-10M08/MAX1000_Replica1.sdc Line: 4
    Info (332050): create_clock -name "clk_50" -period 20.000ns [get_ports {MAX10_CLK1_50}] File: //wsl.localhost/Debian/home/didier/Developments/altera/Projects/replica1-sdram/board/MAX1000-10M08/MAX1000_Replica1.sdc Line: 4
Warning (332174): Ignored filter at MAX1000_Replica1.sdc(10): KEY[*] could not be matched with a port File: //wsl.localhost/Debian/home/didier/Developments/altera/Projects/replica1-sdram/board/MAX1000-10M08/MAX1000_Replica1.sdc Line: 10
Warning (332049): Ignored set_false_path at MAX1000_Replica1.sdc(10): Argument <from> is an empty collection File: //wsl.localhost/Debian/home/didier/Developments/altera/Projects/replica1-sdram/board/MAX1000-10M08/MAX1000_Replica1.sdc Line: 10
    Info (332050): set_false_path -from [get_ports {KEY[*]}] File: //wsl.localhost/Debian/home/didier/Developments/altera/Projects/replica1-sdram/board/MAX1000-10M08/MAX1000_Replica1.sdc Line: 10
Warning (332174): Ignored filter at MAX1000_Replica1.sdc(11): LEDR[*] could not be matched with a port File: //wsl.localhost/Debian/home/didier/Developments/altera/Projects/replica1-sdram/board/MAX1000-10M08/MAX1000_Replica1.sdc Line: 11
Warning (332049): Ignored set_false_path at MAX1000_Replica1.sdc(11): Argument <to> is an empty collection File: //wsl.localhost/Debian/home/didier/Developments/altera/Projects/replica1-sdram/board/MAX1000-10M08/MAX1000_Replica1.sdc Line: 11
    Info (332050): set_false_path -to [get_ports {LEDR[*]}] File: //wsl.localhost/Debian/home/didier/Developments/altera/Projects/replica1-sdram/board/MAX1000-10M08/MAX1000_Replica1.sdc Line: 11
Warning (332060): Node: CLK12M was determined to be a clock but was found without an associated clock assignment.
    Info (13166): Register sdram_controller:sdram_inst|sdram_dqm[0] is being clocked by CLK12M
Warning (332060): Node: sdram_controller:sdram_inst|need_refresh was determined to be a clock but was found without an associated clock assignment.
    Info (13166): Latch sdram_controller:sdram_inst|byte_en_latched[1] is being clocked by sdram_controller:sdram_inst|need_refresh
Warning (332060): Node: Replica1_CORE:ap1|CPU_MX65:\gen_cpu0:c2:cpu|cpu_clock_gen:clk|count[0] was determined to be a clock but was found without an associated clock assignment.
    Info (13166): Register Replica1_CORE:ap1|CPU_MX65:\gen_cpu0:c2:cpu|mx65:mx65_inst|state.TWRITE is being clocked by Replica1_CORE:ap1|CPU_MX65:\gen_cpu0:c2:cpu|cpu_clock_gen:clk|count[0]
Warning (332060): Node: Replica1_CORE:ap1|CPU_MX65:\gen_cpu0:c2:cpu|cpu_clock_gen:clk|count[1] was determined to be a clock but was found without an associated clock assignment.
    Info (13166): Register EBR_RAM:\gen_ebr_ram:ram|ram_8k:\gen_ram_blocks:3:ram_block|altsyncram:altsyncram_component|altsyncram_pcp3:auto_generated|ram_block1a4~porta_we_reg is being clocked by Replica1_CORE:ap1|CPU_MX65:\gen_cpu0:c2:cpu|cpu_clock_gen:clk|count[1]
Warning (332068): No clocks defined in design.
Warning (332056): PLL cross checking found inconsistent PLL clock settings:
    Warning (332056): Node: mclk|altpll_component|auto_generated|pll1|clk[0] was found missing 1 generated clock that corresponds to a base clock with a period of: 83.333
    Warning (332056): Node: mclk|altpll_component|auto_generated|pll1|clk[1] was found missing 1 generated clock that corresponds to a base clock with a period of: 83.333
    Warning (332056): Node: mclk|altpll_component|auto_generated|pll1|clk[2] was found missing 1 generated clock that corresponds to a base clock with a period of: 83.333
Info (223000): Starting Vectorless Power Activity Estimation
Warning (222013): Relative toggle rates could not be calculated because no clock domain could be identified for some nodes
Info (223001): Completed Vectorless Power Activity Estimation
Info (218000): Using Advanced I/O Power to simulate I/O buffers with the specified board trace model
Info (334003): Started post-fitting delay annotation
Info (334004): Delay annotation completed successfully
Info (215049): Average toggle rate for this design is 0.000 millions of transitions / sec
Info (215031): Total thermal power estimate for the design is 159.56 mW
Info: Quartus Prime Power Analyzer was successful. 0 errors, 17 warnings
    Info: Peak virtual memory: 5052 megabytes
    Info: Processing ended: Sun Feb 22 13:52:55 2026
    Info: Elapsed time: 00:00:04
    Info: Total CPU time (on all processors): 00:00:03


