Assembler report for DE10_Replica1
Fri Aug 29 14:45:09 2025
Quartus Prime Version 24.1std.0 Build 1077 03/04/2025 SC Lite Edition


---------------------
; Table of Contents ;
---------------------
  1. Legal Notice
  2. Assembler Summary
  3. Assembler Settings
  4. Assembler Generated Files
  5. Assembler Device Options: C:/Users/Utilisateur/Documents/Developments/altera/Projects/Replica1/board/DE10-Lite/output_files/DE10_Replica1.sof
  6. Assembler Messages



----------------
; Legal Notice ;
----------------
Copyright (C) 2025  Altera Corporation. All rights reserved.
Your use of Altera Corporation's design tools, logic functions 
and other software and tools, and any partner logic 
functions, and any output files from any of the foregoing 
(including device programming or simulation files), and any 
associated documentation or information are expressly subject 
to the terms and conditions of the Altera Program License 
Subscription Agreement, the Altera Quartus Prime License Agreement,
the Altera IP License Agreement, or other applicable license
agreement, including, without limitation, that your use is for
the sole purpose of programming logic devices manufactured by
Altera and sold by Altera or its authorized distributors.  Please
refer to the Altera Software License Subscription Agreements 
on the Quartus Prime software download page.



+---------------------------------------------------------------+
; Assembler Summary                                             ;
+-----------------------+---------------------------------------+
; Assembler Status      ; Successful - Fri Aug 29 14:45:09 2025 ;
; Revision Name         ; DE10_Replica1                         ;
; Top-level Entity Name ; DE10_Replica1                         ;
; Family                ; MAX 10                                ;
; Device                ; 10M50DAF484C6GES                      ;
+-----------------------+---------------------------------------+


+----------------------------------+
; Assembler Settings               ;
+--------+---------+---------------+
; Option ; Setting ; Default Value ;
+--------+---------+---------------+


+---------------------------------------------------------------------------------------------------------------------+
; Assembler Generated Files                                                                                           ;
+---------------------------------------------------------------------------------------------------------------------+
; File Name                                                                                                           ;
+---------------------------------------------------------------------------------------------------------------------+
; C:/Users/Utilisateur/Documents/Developments/altera/Projects/Replica1/board/DE10-Lite/output_files/DE10_Replica1.sof ;
+---------------------------------------------------------------------------------------------------------------------+


+-----------------------------------------------------------------------------------------------------------------------------------------------+
; Assembler Device Options: C:/Users/Utilisateur/Documents/Developments/altera/Projects/Replica1/board/DE10-Lite/output_files/DE10_Replica1.sof ;
+----------------+------------------------------------------------------------------------------------------------------------------------------+
; Option         ; Setting                                                                                                                      ;
+----------------+------------------------------------------------------------------------------------------------------------------------------+
; JTAG usercode  ; 0x004F7B94                                                                                                                   ;
; Checksum       ; 0x004F7B94                                                                                                                   ;
+----------------+------------------------------------------------------------------------------------------------------------------------------+


+--------------------+
; Assembler Messages ;
+--------------------+
Info: *******************************************************************
Info: Running Quartus Prime Assembler
    Info: Version 24.1std.0 Build 1077 03/04/2025 SC Lite Edition
    Info: Processing started: Fri Aug 29 14:45:07 2025
Info: Command: quartus_asm --read_settings_files=off --write_settings_files=off DE10_Replica1 -c DE10_Replica1
Info (115031): Writing out detailed assembly data for power analysis
Info (115030): Assembler is generating device programming files
Info: Quartus Prime Assembler was successful. 0 errors, 0 warnings
    Info: Peak virtual memory: 4846 megabytes
    Info: Processing ended: Fri Aug 29 14:45:09 2025
    Info: Elapsed time: 00:00:02
    Info: Total CPU time (on all processors): 00:00:02


